Build started 2012.12.15. 2:01:54.
     1>Project "D:\Git Repositories\CalculatorCpp\Calculator\Calculator.vcxproj" on node 2 (build target(s)).
     1>InitializeBuildStatus:
         Creating "Debug\Calculator.unsuccessfulbuild" because "AlwaysCreate" was specified.
       ClCompile:
         All outputs are up-to-date.
         C:\Program Files (x86)\Microsoft Visual Studio 10.0\VC\bin\CL.exe /c /ZI /nologo /W3 /WX- /Od /Oy- /D WIN32 /D _DEBUG /D _CONSOLE /D _UNICODE /D UNICODE /Gm /EHsc /RTC1 /MDd /GS /fp:precise /Zc:wchar_t /Zc:forScope /Yu"StdAfx.h" /Fp"Debug\Calculator.pch" /Fo"Debug\\" /Fd"Debug\vc100.pdb" /Gd /TP /analyze- /errorReport:prompt Calculator.cpp
         Calculator.cpp
       ManifestResourceCompile:
         All outputs are up-to-date.
       Link:
         C:\Program Files (x86)\Microsoft Visual Studio 10.0\VC\bin\link.exe /ERRORREPORT:PROMPT /OUT:"D:\Git Repositories\CalculatorCpp\Calculator\Debug\Calculator.exe" /INCREMENTAL /NOLOGO kernel32.lib user32.lib gdi32.lib winspool.lib comdlg32.lib advapi32.lib shell32.lib ole32.lib oleaut32.lib uuid.lib odbc32.lib odbccp32.lib /MANIFEST /ManifestFile:"Debug\Calculator.exe.intermediate.manifest" /MANIFESTUAC:"level='asInvoker' uiAccess='false'" /DEBUG /PDB:"D:\Git Repositories\CalculatorCpp\Calculator\Debug\Calculator.pdb" /SUBSYSTEM:CONSOLE /TLBID:1 /DYNAMICBASE /NXCOMPAT /IMPLIB:"D:\Git Repositories\CalculatorCpp\Calculator\Debug\Calculator.lib" /MACHINE:X86 Debug\Calculator.exe.embed.manifest.res
         Debug\Calculator.obj
         Debug\stdafx.obj
       Manifest:
         C:\Program Files (x86)\Microsoft SDKs\Windows\v7.0A\bin\mt.exe /nologo /verbose /out:"Debug\Calculator.exe.embed.manifest" /manifest Debug\Calculator.exe.intermediate.manifest
         All outputs are up-to-date.
       LinkEmbedManifest:
         All outputs are up-to-date.
         Calculator.vcxproj -> D:\Git Repositories\CalculatorCpp\Calculator\Debug\Calculator.exe
       FinalizeBuildStatus:
         Deleting file "Debug\Calculator.unsuccessfulbuild".
         Touching "Debug\Calculator.lastbuildstate".
     1>Done Building Project "D:\Git Repositories\CalculatorCpp\Calculator\Calculator.vcxproj" (build target(s)).

Build succeeded.

Time Elapsed 00:00:01.54
