D:\GIT REPOSITORIES\CALCULATORCPP\CALCULATOR\DEBUG\CALCULATOR.EXE
D:\GIT REPOSITORIES\CALCULATORCPP\CALCULATOR\DEBUG\CALCULATOR.EXE.EMBED.MANIFEST
D:\GIT REPOSITORIES\CALCULATORCPP\CALCULATOR\DEBUG\CALCULATOR.EXE.EMBED.MANIFEST.RES
D:\GIT REPOSITORIES\CALCULATORCPP\CALCULATOR\DEBUG\CALCULATOR.EXE.INTERMEDIATE.MANIFEST
D:\GIT REPOSITORIES\CALCULATORCPP\CALCULATOR\DEBUG\CALCULATOR.ILK
D:\GIT REPOSITORIES\CALCULATORCPP\CALCULATOR\DEBUG\CALCULATOR.OBJ
D:\GIT REPOSITORIES\CALCULATORCPP\CALCULATOR\DEBUG\CALCULATOR.PCH
D:\GIT REPOSITORIES\CALCULATORCPP\CALCULATOR\DEBUG\CALCULATOR.PDB
D:\Git Repositories\CalculatorCpp\Calculator\Debug\Calculator_manifest.rc
D:\Git Repositories\CalculatorCpp\Calculator\Debug\cl.command.1.tlog
D:\Git Repositories\CalculatorCpp\Calculator\Debug\CL.read.1.tlog
D:\Git Repositories\CalculatorCpp\Calculator\Debug\CL.write.1.tlog
D:\Git Repositories\CalculatorCpp\Calculator\Debug\link.1804.read.1.tlog
D:\Git Repositories\CalculatorCpp\Calculator\Debug\link.1804.write.1.tlog
D:\Git Repositories\CalculatorCpp\Calculator\Debug\link.1804-cvtres.read.1.tlog
D:\Git Repositories\CalculatorCpp\Calculator\Debug\link.1804-cvtres.write.1.tlog
D:\Git Repositories\CalculatorCpp\Calculator\Debug\link.2392.read.1.tlog
D:\Git Repositories\CalculatorCpp\Calculator\Debug\link.2392.write.1.tlog
D:\Git Repositories\CalculatorCpp\Calculator\Debug\link.2392-cvtres.read.1.tlog
D:\Git Repositories\CalculatorCpp\Calculator\Debug\link.2392-cvtres.write.1.tlog
D:\Git Repositories\CalculatorCpp\Calculator\Debug\link.3752.read.1.tlog
D:\Git Repositories\CalculatorCpp\Calculator\Debug\link.3752.write.1.tlog
D:\Git Repositories\CalculatorCpp\Calculator\Debug\link.3752-cvtres.read.1.tlog
D:\Git Repositories\CalculatorCpp\Calculator\Debug\link.3752-cvtres.write.1.tlog
D:\Git Repositories\CalculatorCpp\Calculator\Debug\link.command.1.tlog
D:\Git Repositories\CalculatorCpp\Calculator\Debug\link.read.1.tlog
D:\Git Repositories\CalculatorCpp\Calculator\Debug\link.write.1.tlog
D:\Git Repositories\CalculatorCpp\Calculator\Debug\link-cvtres.read.1.tlog
D:\Git Repositories\CalculatorCpp\Calculator\Debug\link-cvtres.write.1.tlog
D:\Git Repositories\CalculatorCpp\Calculator\Debug\mt.command.1.tlog
D:\Git Repositories\CalculatorCpp\Calculator\Debug\mt.read.1.tlog
D:\Git Repositories\CalculatorCpp\Calculator\Debug\mt.write.1.tlog
D:\Git Repositories\CalculatorCpp\Calculator\Debug\rc.command.1.tlog
D:\Git Repositories\CalculatorCpp\Calculator\Debug\rc.read.1.tlog
D:\Git Repositories\CalculatorCpp\Calculator\Debug\rc.write.1.tlog
D:\GIT REPOSITORIES\CALCULATORCPP\CALCULATOR\DEBUG\STDAFX.OBJ
D:\Git Repositories\CalculatorCpp\Calculator\Debug\vc100.idb
D:\GIT REPOSITORIES\CALCULATORCPP\CALCULATOR\DEBUG\VC100.PDB
